<?xml version="1.0" encoding="UTF-8"?>
<testsuite name="umc.study.Umc5weekApplicationTests" tests="1" skipped="0" failures="0" errors="0" timestamp="2025-05-18T05:27:36.901Z" hostname="DESKTOP-07EZWLM" time="0.568">
  <properties/>
  <testcase name="contextLoads()" classname="umc.study.Umc5weekApplicationTests" time="0.568"/>
  <system-out><![CDATA[
  .   ____          _            __ _ _
 /\\ / ___'_ __ _ _(_)_ __  __ _ \ \ \ \
( ( )\___ | '_ | '_| | '_ \/ _` | \ \ \ \
 \\/  ___)| |_)| | | | | || (_| |  ) ) ) )
  '  |____| .__|_| |_|_| |_\__, | / / / /
 =========|_|==============|___/=/_/_/_/

 :: Spring Boot ::                (v3.4.5)

2025-05-18T14:27:32.799+09:00  INFO 8312 --- [    Test worker] umc.study.Umc5weekApplicationTests       : Starting Umc5weekApplicationTests using Java 17.0.12 with PID 8312 (started by kgl03 in C:\Users\kgl03\IdeaProjects\umc5week)
2025-05-18T14:27:32.803+09:00  INFO 8312 --- [    Test worker] umc.study.Umc5weekApplicationTests       : No active profile set, falling back to 1 default profile: "default"
2025-05-18T14:27:33.671+09:00  INFO 8312 --- [    Test worker] .s.d.r.c.RepositoryConfigurationDelegate : Bootstrapping Spring Data JPA repositories in DEFAULT mode.
2025-05-18T14:27:33.751+09:00  INFO 8312 --- [    Test worker] .s.d.r.c.RepositoryConfigurationDelegate : Finished Spring Data repository scanning in 71 ms. Found 3 JPA repository interfaces.
2025-05-18T14:27:34.285+09:00  INFO 8312 --- [    Test worker] o.hibernate.jpa.internal.util.LogHelper  : HHH000204: Processing PersistenceUnitInfo [name: default]
2025-05-18T14:27:34.331+09:00  INFO 8312 --- [    Test worker] org.hibernate.Version                    : HHH000412: Hibernate ORM core version 6.0.2.Final
2025-05-18T14:27:34.457+09:00  WARN 8312 --- [    Test worker] org.hibernate.orm.deprecation            : HHH90000021: Encountered deprecated setting [javax.persistence.sharedCache.mode], use [jakarta.persistence.sharedCache.mode] instead
2025-05-18T14:27:34.561+09:00  INFO 8312 --- [    Test worker] com.zaxxer.hikari.HikariDataSource       : HikariPool-1 - Starting...
2025-05-18T14:27:34.807+09:00  INFO 8312 --- [    Test worker] com.zaxxer.hikari.pool.HikariPool        : HikariPool-1 - Added connection com.mysql.cj.jdbc.ConnectionImpl@527d5e48
2025-05-18T14:27:34.809+09:00  INFO 8312 --- [    Test worker] com.zaxxer.hikari.HikariDataSource       : HikariPool-1 - Start completed.
2025-05-18T14:27:34.824+09:00  INFO 8312 --- [    Test worker] SQL dialect                              : HHH000400: Using dialect: org.hibernate.dialect.MySQL8Dialect
2025-05-18T14:27:34.825+09:00  WARN 8312 --- [    Test worker] org.hibernate.orm.deprecation            : HHH90000026: MySQL8Dialect has been deprecated; use org.hibernate.dialect.MySQLDialect instead
2025-05-18T14:27:35.770+09:00  INFO 8312 --- [    Test worker] o.h.e.t.j.p.i.JtaPlatformInitiator       : HHH000490: Using JtaPlatform implementation: [org.hibernate.engine.transaction.jta.platform.internal.NoJtaPlatform]
2025-05-18T14:27:35.777+09:00  INFO 8312 --- [    Test worker] j.LocalContainerEntityManagerFactoryBean : Initialized JPA EntityManagerFactory for persistence unit 'default'
2025-05-18T14:27:36.360+09:00  WARN 8312 --- [    Test worker] JpaBaseConfiguration$JpaWebConfiguration : spring.jpa.open-in-view is enabled by default. Therefore, database queries may be performed during view rendering. Explicitly configure spring.jpa.open-in-view to disable this warning
2025-05-18T14:27:36.882+09:00  INFO 8312 --- [    Test worker] umc.study.Umc5weekApplicationTests       : Started Umc5weekApplicationTests in 4.349 seconds (process running for 5.284)
]]></system-out>
  <system-err><![CDATA[]]></system-err>
</testsuite>
